1679487943356:help
1679575451701:add-numbers
1679575463353:add-numbers 1 2
1679575472333:add-numbers --1 --2
1679575480256:add-numbers -1 -1
1679575495243:2 2
1679575505571:add-numbers: 1 2
1679575510482:add-numbers
1679575516207:help
1679575520230:stacktrace
1679575523876:script
1679575529912:add-numbers
1679575535441:add-number --op1
1679575544176:add-numbers --op1
1679575553680:add-numbers --op1 --op2
1679575569480:add-numbers --op1 --op2 1 2
1679575587832:stacktrance
1679575592619:clear
1679575596448:help
1679575645662:add-numbers --1 --2
1679575660069:add-numbers --op1 --op2
1679575663562:stacktrace
1679575699470:clear
1679575701205:help
1679575704838:history
1679575713276:version
1679575720905:add-numbers
1679575733716:add-
1679575737086:help
1679575741273:add-numbers
1679575748063:add-numbers --1 --2
1679575791751:add-numbers --op1 1 2
1679575802104:add-numbers --op2 2
1679575809518:add-numbers --op2 1 2
1679575819844:--add-numbers op1 1
1679575830279:add-numbers --op1 1
1679575838079:add-numbers --op1 1 12
1679575842488:-debug
1679575902078:add-numbers 1 2
1679575948743:add-numbers 1 1
1679575971093:add-numbers 1 2
1679576201574:add-parameters
1679576213191:help
1679576217898:add-numbers 1 2
1679577840033:help
1679577843562:add-numbers 2 2
1679577846331:exit
1679582417208:help
1679582424847:add-numbers 1 2
1679585434097:help
1679585439197:add-numbers 1 2
1679586146569:help
1679586152419:list-applications
1679587048441:list-appli
1679587056086:list-applications
1679587064090:help
1679605527363:list-all-instances
1679606363165:help
1679606379772:list-instance-by-appID 1
1679606453860:list-instances-by-appID 1
1679606461632:list-instances
1679606469697:list-applications
1679606536261:list-instances-by-appID 1
1679606706600:list instances-by-appID 1
1679606720521:list-instances-by-appID 1
1679606882329:list-applications
1679606898847:help
1679606931025:clear
1679606934795:a
1679652869760:list-applications
1679694483039:help
1679694513540:create-detector 1 myDet 1 10 10
1679694537051:create-detector 1L myName 1D 10D 10D
1679694546197:stacktrace
1679694663955:create-detector 1 "myName" 1.0 10.0 10.0
1679694680384:create-detector 1 myname 1.0 10.0 10.0
1679694704496:create-detector 123 "My Detector" 10.5 20.0 5.0
1679694723082:stacktrace
1679695048301:help
1679695067741:create-detector 1 "hay2" 1 10 10
1679695083337:create-detector 1 hay 1 10 10
1679695089211:stacktrace
1679695453580:list-instances-by-appID 1
1679695498114:help
1679695503301:create-detector
1679695527036:create-detector 1 name 1.0 10.0 10.0
1679695568668:help
1679695583860:create-detector 1 name 1 10 10
1679695613447:create detector --1 --name --1 --10 --10
1679695625307:create-detector --1 --name --1 --10 --10
1679695649751:create-detector 1 "name" 1.0 10.0 10.0
1679695664457:create-detector 1 name 1.0 10.0 10.0
1679695990634:create-detector 1 "myDetector" 1.0 10.0 10.0
1679696068091:stacktrace
1679825700181:help
1679825758015:create-detector 1 myDec 1 10 5
1679825951611:help
1679825977623:create-detector 1 myDec 1 10 5
1679826016903:create-detector 1 mydec 1 10 5
1679826021595:stacktrace
1679826116883:create-detector 1 mydec 1 10 10
1679826128198:stacktrace
1679826531890:create-detector 1 myDec 1 10 5
1679828694779:stacktrace
1679828796731:create-detector 1 myDec 1 10 5
1679832206307:list-applications
1679832217694:list-instances
1679832308222:create-detector 1 myDec 1 10 5
1679877117735:help
1679877129144:create-detector 1 myDec 1 10 5
1679880898335:help
1679880903178:incident
1679880929835:list-inicidents
1679880942206:list-incidents
1679880965677:list-insidant-app-id 1
1679880978028:list-incidant-app-id 1
1679880988396:list-incident-app-id 1
1679881002642:list-incidents-app-id 1
1679881019293:list-incidents-app-id 2
1679881044262:list-incidents-app-id 3
1679881993990:help
1679882065036:delete-by-appid-and-date 1 21-03-2023 03:00
1679882107708:help
1679882138105:delete-by-appid-and-date 1 21-03-2023_03:00
1679882145880:stacktrace
1679882278143:delete-by-appid-and-date 21-03-2023_03:00
1679882354974:delete-by-appid-and-date 21-03-2023
1679882371661:delete-by-appid-and-date 1 21-03-2023
1679882388747:stacktrace
1679882567866:delete-by-appid-and-date 1 21-03-2023
1679882668115:delete-by-appid-and-date 1 2023-03-21
1679882676557:stacktrace
1679882802003:delete-by-appid-and-date 1 2023-03-21
1679882816355:stacktrace
1679882865870:delete-by-appid-and-date 1 2023-03-21
1679882933088:delete-by-appid-and-date 1  2023-03-21
1679882981386:delete-by-appid-and-date 1 2023-03-21
1679883049365:delete-by-appid-and-date 1 2023-03-21'T'03:00:00
1679883143361:delete-by-appid-and-date 1 2023-03-21
1679883340366:--id=1 --timestamp=2022-03-15T12:30:00
1679883355538:delete-by-appid-and-date --id=1 --timestamp=2022-03-15
1679883363505:delete-by-appid-and-date --id=1 --timestamp=2022-03-15T12:30:00
1679883376582:delete-by-appid-and-date 1 2023-03-21T03:00:00
1679883385251:stacktrace
1679883677634:delete-by-appid-and-date 1 2023-03-21
1679883689047:delete-by-appid-and-date 1 2023-03-21T12:30:00
1679883736403:delete-by-appid-and-date 1 2023-03-21T03:00:00
1679884160096:stacktrace
1679884213067:delete-by-appid-and-date 1 2023-03-21T03:00:00
1679884448981:delete-all-i
1679884996697:delete-by-appid-and-date 2023-03-21T03:00:00
1679885013945:delete-by-appid-and-date 1 2023-03-21T03:00:00
1679916256116:delete-incidents-by-appid 1
1679916267448:stacktrace
1679916390374:help
1679916399940:delete-incidents-by-appid 1
1679916549022:help
1679916560224:delete-incidents-by-appid
1679916569839:delete-incidents-by-appid 1
1679916611566:help
1679916620097:delete-incidents-by-appid 1
1679916816464:delete-incident-by-appid 1
1679916821428:help
1679916826797:delete-incidents-by-appid 1
1679917697406:commands
1679919920305:app
1679919929774:list-apps
1679920036330:commands
1679920042602:app
1679920045148:list-apps
1679920065980:list-instances-appid 1
1679920074258:commands
1679920082676:instance
1679920088758:list-instances
1679920105980:detector
1679920114123:list-detectors
1679920128263:list-detectors-appid 1
1679920164241:list-detectors-appid 3
1679920178275:list-detectors-instanceid 1
1679920221519:clear
1679920223638:detector
1679920280024:create-detector 1 myDet 5 10 20
1679920285414:list-detectors
1679920542037:commands
1679920547106:detector
1679920582204:detectors
1679920584441:detecotr
1679920587051:detector
1679920600810:list-detecotrs-metric 1
1679920610608:list-detectors-metric 1
1679920630616:list-detectors-metricid 1
1679920639603:list-detectors-metricid 2
1679921819196:commands
1679921822644:telemetryData
1679921835982:delete-telemetryData-appid 1
1679922080710:telemetryData
1679922089726:delete-telemetryData-appid 1
1679922126578:stacktrace
1679922725856:telemetryData
1679922733673:delete-telemetryData-appid 1
1679924228074:commands
1679924232944:telemetryData
1679932089296:commands
1679932093717:app
1679932096461:instance
1679932100990:detector
1679932149577:help
1679934173498:commands
1679934228605:telemetryData
1679934233622:list-td
1679934307567:commands
1679934317386:telemetryData
1679934336389:list-td
1679934473612:commands
1679934477001:telemetryData
1679934479224:list-td
1679934507885:telemetryData
1679934513806:list-td-appid 1
1679934528033:list-td-instanceid 1
1679934534840:telmetryData
1679934538820:telemetrydata
1679934542960:telemetryData
1679934563287:delete-td-appid 1
1679935271475:telemetryData
1679935458930:delete-td-ts-before 2023-03-27T18:41:51
1679935465709:stacktrace
1679935541809:commands
1679935546316:instance
1679935548216:incident
1679935555374:app
1679935559998:detector
1679935564514:commands
1679935567968:metric
1679935574556:statistic
1679935601026:incident
1679935642051:telemtryData
1679935660095:delete-td-ts-before 2023-03-27T18:41:51
1679935713718:delete-td-ts-before 2022-12-31T23:59:59
1679935741612:incident
1679935749856:telemetryData
1679935757999:stacktrace
1679936020217:delete-td-ts-before 2022-12-31T18:52:59
1679936092464:delete-td-ts-before 2022-12-31T18:54:15
1679936157544:delete-td-ts-before 2022-12-31T18:55:20
1679936232696:delete-td-ts-after 2022-12-31T18:55:20
1679936381681:delete-td-ts-before 2023-03-27T18:58:49
1679937233203:commands
1679937237065:incident
1679938678882:commands
1679938773127:incident
1679938777415:list-incidents
1679939649240:commands
1679939652262:app
1679939654870:instances
1679939659305:instance
1679940271629:dataStatistic
1679940391585:get-avg-metric-appid 1
1679940805694:get-avg-metric-appid 2
1679940947489:get-avg-metric-appid 1
1679940955108:get-avg-metric-appid 2
1679941282202:get-avg-metric-appid 1
1679941560844:dataStatistic
1679941574695:get-avg-metric-appid 1
1679941672437:get-avg-appid-interval 1 2023-03-27T20:26:13 2023-03-27T20:26:48
1679941691952:get-std-dev-metric-appid 1
1679942120086:dataStatistic
1679942129778:get-avg-metric-instid 1
1679942183002:geget-avg-instid-interval 2023-03-27T18:58:49 2023-03-27T18:58:49
1679942192735:geget-avg-instid-interval 1 2023-03-27T18:58:49 2023-03-27T18:58:49
1679942205509:get-avg-instid-interval 1 2023-03-27T18:58:49 2023-03-27T18:58:49
1679942234662:get-avg-metric-metid 1
1679942239686:get-avg-metric-metid 2
1679942546998:commands
1679942555285:statistic
1679943320997:commands
1679943324352:instance
1679943327331:list-instances
1679943393094:app
1679943405056:telemetryData
1679943408301:list-td
